//  Catapult Ultra Synthesis 2021.1/950854 (Production Release) Mon Aug  2 21:36:02 PDT 2021
//  
//          Copyright (c) Siemens EDA, 1996-2021, All Rights Reserved.
//                        UNPUBLISHED, LICENSED SOFTWARE.
//             CONFIDENTIAL AND PROPRIETARY INFORMATION WHICH IS THE
//                   PROPERTY OF SIEMENS EDA OR ITS LICENSORS.
//  
//  Running on Linux rjujjav@lib-41917.eos.ncsu.edu 4.18.0-513.9.1.el8_9.x86_64 x86_64 aol
//  
//  Package information: SIFLIBS v23.7_0.0, HLS_PKGS v23.7_0.0, 
//                       SIF_TOOLKITS v23.7_0.0, SIF_XILINX v23.7_0.0, 
//                       SIF_ALTERA v23.7_0.0, CCS_LIBS v23.7_0.0, 
//                       CDS_PPRO v10.5a, CDS_DesigChecker v2021.1, 
//                       CDS_OASYS v20.1_3.6, CDS_PSR v20.2_1.8, 
//                       DesignPad v2.78_1.0
//  
//  Start time Sat Dec  9 01:27:15 2023
# -------------------------------------------------
# Logging session transcript to file "/tmp/log1625175c2883c5.0"
project load /mnt/ncsudrive/r/rjujjav/rjujjav/proj2/hls/Catapult.ccs
# Moving session transcript to file "/mnt/ncsudrive/r/rjujjav/rjujjav/proj2/hls/catapult.log"
flow run /Schematic/view ./schematic.nlv -state criticalpath
quit
# Saving project file '/mnt/ncsudrive/r/rjujjav/rjujjav/proj2/hls/Catapult.ccs'. (PRJ-5)
// Finish time Sat Dec  9 01:31:30 2023, time elapsed 4:15, peak memory 1.41GB, exit status 0
